<?xml version="1.0" encoding="UTF-8"?>
<!-- Generated by org.testng.reporters.JUnitReportReporter -->
<testsuite hostname="DESKTOP-8268NPD" failures="0" tests="2" name="seleniumBasics.StaticParameterizationTestNg" time="33.582" errors="0" timestamp="2022-04-30T12:43:33 IST" skipped="0">
  <testcase classname="seleniumBasics.StaticParameterizationTestNg" name="TestCase002" time="22.222"/>
  <system-out/>
  <testcase classname="seleniumBasics.StaticParameterizationTestNg" name="TestCase001" time="11.360"/>
  <system-out/>
</testsuite> <!-- seleniumBasics.StaticParameterizationTestNg -->
