<?xml version="1.0" encoding="UTF-8"?>
<!-- Generated by org.testng.reporters.JUnitReportReporter -->
<testsuite hostname="DESKTOP-8268NPD" failures="0" tests="3" name="seleniumBasics.DynamicDataProviderTestNg" time="38.039" errors="0" timestamp="2022-04-30T12:57:16 IST" skipped="0">
  <testcase classname="seleniumBasics.DynamicDataProviderTestNg" name="TestCase001" time="19.742"/>
  <system-out/>
  <testcase classname="seleniumBasics.DynamicDataProviderTestNg" name="TestCase001" time="8.602"/>
  <system-out/>
  <testcase classname="seleniumBasics.DynamicDataProviderTestNg" name="TestCase001" time="9.695"/>
  <system-out/>
</testsuite> <!-- seleniumBasics.DynamicDataProviderTestNg -->
