<?xml version="1.0" encoding="UTF-8"?>
<!-- Generated by org.testng.reporters.JUnitReportReporter -->
<testsuite hostname="DESKTOP-8268NPD" failures="0" tests="2" name="seleniumBasics.AnnotationsTestNg" time="0.018" errors="0" timestamp="2022-04-27T06:55:12 IST" skipped="0">
  <testcase classname="seleniumBasics.AnnotationsTestNg" name="runTest2" time="0.003"/>
  <system-out/>
  <testcase classname="seleniumBasics.AnnotationsTestNg" name="runTest" time="0.015"/>
  <system-out/>
</testsuite> <!-- seleniumBasics.AnnotationsTestNg -->
