<?xml version="1.0" encoding="UTF-8"?>
<!-- Generated by org.testng.reporters.JUnitReportReporter -->
<testsuite hostname="DESKTOP-8268NPD" failures="0" tests="1" name="seleniumBasics.TestNgBasics2" time="0.000" errors="0" timestamp="2022-04-30T10:34:09 IST" skipped="1">
  <testcase classname="seleniumBasics.TestNgBasics2" name="myTest2" time="0.000">
    <skipped/>
  </testcase> <!-- myTest2 -->
  <system-out/>
</testsuite> <!-- seleniumBasics.TestNgBasics2 -->
