<?xml version="1.0" encoding="UTF-8"?>
<!-- Generated by org.testng.reporters.JUnitReportReporter -->
<testsuite hostname="DESKTOP-8268NPD" failures="0" tests="2" name="seleniumBasics.ExcelDataRead_Parameterization" time="36.682" errors="0" timestamp="2022-04-30T13:24:54 IST" skipped="0">
  <testcase classname="seleniumBasics.ExcelDataRead_Parameterization" name="TestCase001" time="16.975"/>
  <system-out/>
  <testcase classname="seleniumBasics.ExcelDataRead_Parameterization" name="TestCase001" time="19.707"/>
  <system-out/>
</testsuite> <!-- seleniumBasics.ExcelDataRead_Parameterization -->
