<?xml version="1.0" encoding="UTF-8"?>
<!-- Generated by org.testng.reporters.JUnitReportReporter -->
<testsuite hostname="DESKTOP-8268NPD" failures="0" tests="2" name="seleniumBasics.MyParam" time="0.006" errors="0" timestamp="2022-04-30T11:19:21 IST" skipped="0">
  <testcase classname="seleniumBasics.MyParam" name="myTest" time="0.001"/>
  <system-out/>
  <testcase classname="seleniumBasics.MyParam" name="myTest" time="0.005"/>
  <system-out/>
</testsuite> <!-- seleniumBasics.MyParam -->
