<?xml version="1.0" encoding="UTF-8"?>
<!-- Generated by org.testng.reporters.JUnitReportReporter -->
<testsuite hostname="DESKTOP-8268NPD" failures="0" tests="1" name="seleniumBasics.TestNgBasicsTest" time="12.263" errors="0" timestamp="2022-04-30T10:34:09 IST" skipped="0">
  <testcase classname="seleniumBasics.TestNgBasicsTest" name="myTestTest" time="12.263"/>
  <system-out/>
</testsuite> <!-- seleniumBasics.TestNgBasicsTest -->
