<?xml version="1.0" encoding="UTF-8"?>
<!-- Generated by org.testng.reporters.JUnitReportReporter -->
<testsuite hostname="DESKTOP-8268NPD" failures="0" tests="1" name="seleniumBasics.AnnotationsTestNg2" time="1.554" errors="0" timestamp="2022-04-27T07:06:34 IST" skipped="0">
  <testcase classname="seleniumBasics.AnnotationsTestNg2" name="runTest3" time="1.554"/>
  <system-out/>
</testsuite> <!-- seleniumBasics.AnnotationsTestNg2 -->
